[www.genrevv.com/index.html]
[backblue.gif]
[fade.gif]
[index.html]
[uploads-ssl.webflow.com/627a8fdf90f5dae1452b948b/css/genrev.webflow.8f1cc483c.min.css]
[uploads-ssl.webflow.com/627a8fdf90f5dae1452b948b/627e8f6f5daab661a644e78c_Gym - Green.png]
[uploads-ssl.webflow.com/627a8fdf90f5dae1452b948b/629ba46df3d28f0941bae2bf_house.png]
[uploads-ssl.webflow.com/627a8fdf90f5dae1452b948b/629ba46dfb49d9ef93f90b57_light.png]
[uploads-ssl.webflow.com/627a8fdf90f5dae1452b948b/628ff4d6296871b0cc6a2cc2_627e8adc9f52c73ecd7dac0d_Long Ball & Tube (1).png]
[uploads-ssl.webflow.com/627a8fdf90f5dae1452b948b/62c487d3ff570f8aa97b9e39_best-ux-white.png]
[uploads-ssl.webflow.com/627a8fdf90f5dae1452b948b/62c487d49d9a6731bfaacd46_best-ui-white.png]
[uploads-ssl.webflow.com/627a8fdf90f5dae1452b948b/62c487d6bd976773154d0daa_best-innovation-white.png]
[d3e54v103j8qbb.cloudfront.net/js/jquery-3.5.1.min.dc5e7f18c8e877.js]
[www.genrevv.com/index.html]
[uploads-ssl.webflow.com/627a8fdf90f5dae1452b948b/css/genrev.webflow.8f1cc483c.min.css]
[uploads-ssl.webflow.com/627a8fdf90f5dae1452b948b/js/webflow.c0f4f3d48.js]
[www.genrevv.com/six.html]
[www.genrevv.com/contact-us]
[www.genrevv.com/terms-conditions]
[www.genrevv.com/privacy-policy]
